<?xml version="1.0" encoding="UTF-8"?>
<!-- Generated by org.testng.reporters.JUnitXMLReporter -->
<testsuite hostname="Vivek-Singhs-MacBook-Air.local" ignored="0" tests="7" failures="0" timestamp="30 May 2017 12:58:12 GMT" time="423.724" errors="0">
  <testcase name="Signup_Test" time="60.54" classname="Network_Capturing"/>
  <testcase name="Practice_task" time="225.3" classname="Network_Capturing"/>
  <testcase name="Profile" time="39.926" classname="Network_Capturing"/>
  <testcase name="Statistics" time="9.284" classname="Network_Capturing"/>
  <testcase name="Contact_Us_Test" time="15.92" classname="Network_Capturing"/>
  <testcase name="Login_Test" time="17.931" classname="Network_Capturing"/>
  <testcase name="Moderation_task" time="30.546" classname="Network_Capturing"/>
</testsuite>
