<?xml version="1.0" encoding="UTF-8"?>
<!-- Generated by org.testng.reporters.JUnitXMLReporter -->
<testsuite hostname="Vivek-Singhs-MacBook-Air.local" ignored="0" name="operation1" tests="8" failures="0" timestamp="26 Sep 2017 04:56:58 GMT" time="695.565" errors="0">
  <testcase name="operation1" time="47.378" classname="Moderator_Web_App.Network_Capturing"/>
  <testcase name="operation2" time="210.852" classname="Moderator_Web_App.Network_Capturing"/>
  <testcase name="opeartion3" time="90.229" classname="Moderator_Web_App.Network_Capturing"/>
  <testcase name="operation4" time="12.256" classname="Moderator_Web_App.Network_Capturing"/>
  <testcase name="opeartion5" time="26.001" classname="Moderator_Web_App.Network_Capturing"/>
  <testcase name="opeartion6" time="63.916" classname="Moderator_Web_App.Network_Capturing"/>
  <testcase name="opeartion7" time="215.796" classname="Moderator_Web_App.Network_Capturing"/>
  <testcase name="opeartion8" time="9.345" classname="Moderator_Web_App.Network_Capturing"/>
</testsuite> <!-- operation1 -->
