<?xml version="1.0" encoding="UTF-8"?>
<!-- Generated by org.testng.reporters.JUnitXMLReporter -->
<testsuite hostname="Vivek-Singhs-MacBook-Air.local" ignored="0" name="operation1" tests="7" failures="0" timestamp="12 Jun 2017 15:15:44 GMT" time="77.33" errors="0">
  <testcase name="operation1" time="29.903" classname="Moderator_Web_App.Network_Capturing"/>
  <testcase name="operation2" time="35.655" classname="Moderator_Web_App.Network_Capturing"/>
  <testcase name="opeartion3" time="0.002" classname="Moderator_Web_App.Network_Capturing"/>
  <testcase name="operation4" time="0.002" classname="Moderator_Web_App.Network_Capturing"/>
  <testcase name="opeartion5" time="0.001" classname="Moderator_Web_App.Network_Capturing"/>
  <testcase name="opeartion6" time="0.001" classname="Moderator_Web_App.Network_Capturing"/>
  <testcase name="opeartion7" time="0.001" classname="Moderator_Web_App.Network_Capturing"/>
</testsuite> <!-- operation1 -->
