<?xml version="1.0" encoding="UTF-8"?>
<testng-results skipped="0" failed="0" ignored="0" total="7" passed="7">
  <reporter-output>
  </reporter-output>
  <suite name="Default suite" duration-ms="77330" started-at="2017-06-12T15:14:26Z" finished-at="2017-06-12T15:15:43Z">
    <groups>
    </groups>
    <test name="operation1" duration-ms="77330" started-at="2017-06-12T15:14:26Z" finished-at="2017-06-12T15:15:43Z">
      <class name="Moderator_Web_App.Network_Capturing">
        <test-method status="PASS" signature="setup()[pri:0, instance:Moderator_Web_App.Network_Capturing@be64738]" name="setup" is-config="true" duration-ms="9246" started-at="2017-06-12T20:44:26Z" finished-at="2017-06-12T20:44:35Z">
          <reporter-output>
          </reporter-output>
        </test-method> <!-- setup -->
        <test-method status="PASS" signature="operation1(java.lang.String)[pri:1, instance:Moderator_Web_App.Network_Capturing@be64738]" name="operation1" duration-ms="29903" started-at="2017-06-12T20:44:35Z" finished-at="2017-06-12T20:45:05Z">
          <params>
            <param index="0">
              <value>
                <![CDATA[customer]]>
              </value>
            </param>
          </params>
          <reporter-output>
          </reporter-output>
        </test-method> <!-- operation1 -->
        <test-method status="PASS" signature="operation2()[pri:2, instance:Moderator_Web_App.Network_Capturing@be64738]" name="operation2" duration-ms="35655" started-at="2017-06-12T20:45:05Z" finished-at="2017-06-12T20:45:41Z">
          <reporter-output>
          </reporter-output>
        </test-method> <!-- operation2 -->
        <test-method status="PASS" signature="opeartion3()[pri:3, instance:Moderator_Web_App.Network_Capturing@be64738]" name="opeartion3" duration-ms="2" started-at="2017-06-12T20:45:41Z" finished-at="2017-06-12T20:45:41Z">
          <reporter-output>
          </reporter-output>
        </test-method> <!-- opeartion3 -->
        <test-method status="PASS" signature="operation4()[pri:4, instance:Moderator_Web_App.Network_Capturing@be64738]" name="operation4" duration-ms="2" started-at="2017-06-12T20:45:41Z" finished-at="2017-06-12T20:45:41Z">
          <reporter-output>
          </reporter-output>
        </test-method> <!-- operation4 -->
        <test-method status="PASS" signature="opeartion5()[pri:5, instance:Moderator_Web_App.Network_Capturing@be64738]" name="opeartion5" duration-ms="1" started-at="2017-06-12T20:45:41Z" finished-at="2017-06-12T20:45:41Z">
          <reporter-output>
          </reporter-output>
        </test-method> <!-- opeartion5 -->
        <test-method status="PASS" signature="opeartion6()[pri:6, instance:Moderator_Web_App.Network_Capturing@be64738]" name="opeartion6" duration-ms="1" started-at="2017-06-12T20:45:41Z" finished-at="2017-06-12T20:45:41Z">
          <reporter-output>
          </reporter-output>
        </test-method> <!-- opeartion6 -->
        <test-method status="PASS" signature="opeartion7()[pri:7, instance:Moderator_Web_App.Network_Capturing@be64738]" name="opeartion7" duration-ms="1" started-at="2017-06-12T20:45:41Z" finished-at="2017-06-12T20:45:41Z">
          <reporter-output>
          </reporter-output>
        </test-method> <!-- opeartion7 -->
        <test-method status="PASS" signature="shutdown()[pri:0, instance:Moderator_Web_App.Network_Capturing@be64738]" name="shutdown" is-config="true" duration-ms="2415" started-at="2017-06-12T20:45:41Z" finished-at="2017-06-12T20:45:43Z">
          <reporter-output>
          </reporter-output>
        </test-method> <!-- shutdown -->
      </class> <!-- Moderator_Web_App.Network_Capturing -->
    </test> <!-- operation1 -->
  </suite> <!-- Default suite -->
</testng-results>
