<?xml version="1.0" encoding="UTF-8"?>
<testng-results skipped="0" failed="0" ignored="0" total="7" passed="7">
  <reporter-output>
  </reporter-output>
  <suite name="Default suite" duration-ms="450624" started-at="2017-07-25T17:15:36Z" finished-at="2017-07-25T17:23:07Z">
    <groups>
    </groups>
    <test name="operation1" duration-ms="450624" started-at="2017-07-25T17:15:36Z" finished-at="2017-07-25T17:23:07Z">
      <class name="Moderator_Web_App.Network_Capturing">
        <test-method status="PASS" signature="setup()[pri:0, instance:Moderator_Web_App.Network_Capturing@be64738]" name="setup" is-config="true" duration-ms="15372" started-at="2017-07-25T22:45:36Z" finished-at="2017-07-25T22:45:51Z">
          <reporter-output>
          </reporter-output>
        </test-method> <!-- setup -->
        <test-method status="PASS" signature="operation1(java.lang.String)[pri:1, instance:Moderator_Web_App.Network_Capturing@be64738]" name="operation1" duration-ms="29041" started-at="2017-07-25T22:45:51Z" finished-at="2017-07-25T22:46:20Z">
          <params>
            <param index="0">
              <value>
                <![CDATA[moderator]]>
              </value>
            </param>
          </params>
          <reporter-output>
          </reporter-output>
        </test-method> <!-- operation1 -->
        <test-method status="PASS" signature="operation2()[pri:2, instance:Moderator_Web_App.Network_Capturing@be64738]" name="operation2" duration-ms="229913" started-at="2017-07-25T22:46:20Z" finished-at="2017-07-25T22:50:10Z">
          <reporter-output>
          </reporter-output>
        </test-method> <!-- operation2 -->
        <test-method status="PASS" signature="opeartion3()[pri:3, instance:Moderator_Web_App.Network_Capturing@be64738]" name="opeartion3" duration-ms="34575" started-at="2017-07-25T22:50:10Z" finished-at="2017-07-25T22:50:45Z">
          <reporter-output>
          </reporter-output>
        </test-method> <!-- opeartion3 -->
        <test-method status="PASS" signature="operation4()[pri:4, instance:Moderator_Web_App.Network_Capturing@be64738]" name="operation4" duration-ms="9282" started-at="2017-07-25T22:50:45Z" finished-at="2017-07-25T22:50:54Z">
          <reporter-output>
          </reporter-output>
        </test-method> <!-- operation4 -->
        <test-method status="PASS" signature="opeartion5()[pri:5, instance:Moderator_Web_App.Network_Capturing@be64738]" name="opeartion5" duration-ms="15890" started-at="2017-07-25T22:50:54Z" finished-at="2017-07-25T22:51:10Z">
          <reporter-output>
          </reporter-output>
        </test-method> <!-- opeartion5 -->
        <test-method status="PASS" signature="opeartion6()[pri:6, instance:Moderator_Web_App.Network_Capturing@be64738]" name="opeartion6" duration-ms="17834" started-at="2017-07-25T22:51:10Z" finished-at="2017-07-25T22:51:28Z">
          <reporter-output>
          </reporter-output>
        </test-method> <!-- opeartion6 -->
        <test-method status="PASS" signature="opeartion7()[pri:7, instance:Moderator_Web_App.Network_Capturing@be64738]" name="opeartion7" duration-ms="94758" started-at="2017-07-25T22:51:28Z" finished-at="2017-07-25T22:53:03Z">
          <reporter-output>
          </reporter-output>
        </test-method> <!-- opeartion7 -->
        <test-method status="PASS" signature="shutdown()[pri:0, instance:Moderator_Web_App.Network_Capturing@be64738]" name="shutdown" is-config="true" duration-ms="3873" started-at="2017-07-25T22:53:03Z" finished-at="2017-07-25T22:53:07Z">
          <reporter-output>
          </reporter-output>
        </test-method> <!-- shutdown -->
      </class> <!-- Moderator_Web_App.Network_Capturing -->
    </test> <!-- operation1 -->
  </suite> <!-- Default suite -->
</testng-results>
